<?xml version="1.0" encoding="UTF-8"?>
<!-- Generated by org.testng.reporters.JUnitReportReporter -->
<testsuite hostname="DESKTOP-UIFGC80" failures="0" tests="1" name="testRunner.TestRunner" time="17.930" errors="0" timestamp="04 Nov 2019 23:10:27 GMT" skipped="0">
  <testcase classname="testRunner.TestRunner" name="runScenario" time="17.930"/>
</testsuite> <!-- testRunner.TestRunner -->
